https://www.romsgames.net/nintendo-ds-rom-bleach-the-blade-of-fate/
https://www.romsgames.net/nintendo-ds-rom-1413---taiko-no-tatsujin-ds---touch-de-dokodon-v01/
https://www.romsgames.net/nintendo-ds-rom-4058---my-little-baby-eubahamut/
https://www.romsgames.net/nintendo-ds-rom-lego-pirates-of-the-caribbean-the-video-game/
https://www.romsgames.net/nintendo-ds-rom-4083---spongebob-to-atlantis-ikitain-desu-jp/
https://www.romsgames.net/nintendo-ds-rom-my-secret-world-by-imagine/
https://www.romsgames.net/nintendo-ds-rom-3042---riding-academy/
https://www.romsgames.net/nintendo-ds-rom-6042---pokemon---black-2-patched-and-exp-fixed/
https://www.romsgames.net/nintendo-ds-rom-6043---pokemon---white-2-patched-and-exp-fixed/
https://www.romsgames.net/nintendo-ds-rom-pokemon-black-white-2friends-rom/
https://www.romsgames.net/nintendo-ds-rom-3134---megaman-star-force-2---zerker-x-saurian/
https://www.romsgames.net/nintendo-ds-rom-1417---mysims-firex/
https://www.romsgames.net/nintendo-ds-rom-2030---hokuto-no-ken---hokuto-shinken-denshousha-no-michi/
https://www.romsgames.net/nintendo-ds-rom-3659---magic-hanja-1000-ds-ksnereid/
https://www.romsgames.net/nintendo-ds-rom-1368---worms---open-warfare-2-exenophobia/
https://www.romsgames.net/nintendo-ds-rom-4087---up-jp/
https://www.romsgames.net/nintendo-ds-rom-2408---dementium---heisa-byoutou/
https://www.romsgames.net/nintendo-ds-rom-3544---away---shuffle-dungeon-eu/
https://www.romsgames.net/nintendo-ds-rom-2242---high-school-musical-2---work-this-out-micronauts/
https://www.romsgames.net/nintendo-ds-rom-1330---rune-factory---a-fantasy-harvest-moon/
https://www.romsgames.net/nintendo-ds-rom-0989---oide-yo-doubutsu-no-mori-v01-grn/
https://www.romsgames.net/nintendo-ds-rom-0574---remindelight/
https://www.romsgames.net/nintendo-ds-rom-4059---totally-spies---my-secret-diary-eubahamut/
https://www.romsgames.net/nintendo-ds-rom-0950---yu-gi-oh-gx---spirit-caller-firex/
https://www.romsgames.net/nintendo-ds-rom-3132---babysitting-mania-sir-vg/
https://www.romsgames.net/nintendo-ds-rom-3191---phantasy-star-zero/
https://www.romsgames.net/nintendo-ds-rom-my-fun-facts-coach-facts-for-your-daily-life/
https://www.romsgames.net/nintendo-ds-rom-3133---backyard-football-09-sir-vg/
